\BOOKMARK [0][-]{chapter.1}{\376\377\000P\000i\000p\000i\000n\000g\000\040\000L\000e\000s\000s\000o\000n\000s}{}% 1
\BOOKMARK [1][-]{section.1.1}{\376\377\000B\000o\000u\000l\000a\000v\000o\000g\000u\000e\000\040\000\046\000\040\000G\000e\000n\000t\000l\000e\000\040\000M\000a\000i\000d\000e\000n}{chapter.1}% 2
\BOOKMARK [2][-]{subsection.1.1.1}{\376\377\000B\000o\000u\000l\000a\000v\000o\000g\000u\000e}{section.1.1}% 3
\BOOKMARK [2][-]{subsection.1.1.2}{\376\377\000G\000e\000n\000t\000l\000e\000\040\000M\000a\000i\000d\000e\000n}{section.1.1}% 4
\BOOKMARK [0][-]{chapter.2}{\376\377\000O\000t\000h\000e\000r\000\040\000P\000i\000p\000e\000\040\000T\000u\000n\000e\000s}{}% 5
\BOOKMARK [1][-]{section.2.1}{\376\377\000A\000i\000r\000s}{chapter.2}% 6
\BOOKMARK [2][-]{subsection.2.1.1}{\376\377\000S\000p\000r\000i\000n\000g\000\040\000a\000l\000l\000\040\000s\000u\000m\000m\000e\000r\000\040\000L\000o\000n\000g}{section.2.1}% 7
\BOOKMARK [1][-]{section.2.2}{\376\377\000O\000d\000d\000\040\000H\000o\000r\000n\000p\000i\000p\000e\000s}{chapter.2}% 8
\BOOKMARK [2][-]{subsection.2.2.1}{\376\377\000D\000o\000r\000r\000i\000n\000g\000t\000o\000n\000\040\000L\000a\000d\000s}{section.2.2}% 9
\BOOKMARK [1][-]{section.2.3}{\376\377\000S\000l\000o\000w\000\040\000R\000e\000e\000l\000s}{chapter.2}% 10
\BOOKMARK [2][-]{subsection.2.3.1}{\376\377\000I\040\031\000m\000\040\000n\000o\000t\000\040\000f\000e\000d\000\040\000u\000p\000\040\000w\000i\000t\000h\000\040\000t\000h\000e\000\040\000P\000a\000c\000i\000f\000i\000c\000\040\000O\000c\000e\000a\000n}{section.2.3}% 11
\BOOKMARK [2][-]{subsection.2.3.2}{\376\377\000L\000u\000c\000y\000\040\000F\000a\000r\000r\040\031\000s}{section.2.3}% 12
\BOOKMARK [2][-]{subsection.2.3.3}{\376\377\000L\000o\000n\000g\000\040\000L\000o\000n\000g\000\040\000A\000g\000o}{section.2.3}% 13
\BOOKMARK [0][-]{chapter.3}{\376\377\000O\000t\000h\000e\000r\000\040\000T\000u\000n\000e\000s}{}% 14
\BOOKMARK [1][-]{section.3.1}{\376\377\000W\000a\000l\000t\000z\000e\000s}{chapter.3}% 15
\BOOKMARK [2][-]{subsection.3.1.1}{\376\377\000D\000o\000o\000m}{section.3.1}% 16
\BOOKMARK [2][-]{subsection.3.1.2}{\376\377\000S\000h\000e\000r\000b\000o\000r\000n\000e\000\040\000W\000a\000l\000t\000z}{section.3.1}% 17
\BOOKMARK [2][-]{subsection.3.1.3}{\376\377\000I\000n\000i\000s\000h\000e\000e\000r}{section.3.1}% 18
\BOOKMARK [1][-]{section.3.2}{\376\377\000J\000i\000g\000s}{chapter.3}% 19
\BOOKMARK [2][-]{subsection.3.2.1}{\376\377\000T\000h\000e\000\040\000V\000a\000l\000i\000a\000n\000t}{section.3.2}% 20
\BOOKMARK [2][-]{subsection.3.2.2}{\376\377\000K\000a\000t\000e\000\040\000E\000l\000l\000i\000o\000t\040\031\000s}{section.3.2}% 21
\BOOKMARK [2][-]{subsection.3.2.3}{\376\377\000C\000a\000v\000e\000\040\000H\000i\000l\000l\000\040\000J\000i\000g}{section.3.2}% 22
\BOOKMARK [2][-]{subsection.3.2.4}{\376\377\000H\000o\000o\000l\000i\000g\000a\000n\040\031\000s\000\040\000J\000i\000g\000s}{section.3.2}% 23
\BOOKMARK [1][-]{section.3.3}{\376\377\000H\000o\000r\000n\000p\000i\000p\000e\000s}{chapter.3}% 24
\BOOKMARK [2][-]{subsection.3.3.1}{\376\377\000A\000p\000p\000l\000e\000\040\000B\000l\000o\000s\000s\000o\000m}{section.3.3}% 25
\BOOKMARK [2][-]{subsection.3.3.2}{\376\377\000S\000w\000e\000e\000t\000\040\000N\000o\000t\000h\000i\000n\000g\000s}{section.3.3}% 26
\BOOKMARK [2][-]{subsection.3.3.3}{\376\377\000W\000a\000l\000s\000h\040\031\000s\000\040\000H\000o\000r\000n\000p\000i\000p\000e}{section.3.3}% 27
\BOOKMARK [2][-]{subsection.3.3.4}{\376\377\000C\000a\000s\000t\000l\000e\000s\000\040\000i\000n\000\040\000t\000h\000e\000\040\000A\000i\000r}{section.3.3}% 28
\BOOKMARK [0][-]{chapter.4}{\376\377\000S\000o\000n\000g\000b\000o\000o\000k}{}% 29
\BOOKMARK [1][-]{section.4.1}{\376\377\000A\000r\000t\000h\000u\000r\000\040\000M\000c\000B\000r\000i\000d\000e}{chapter.4}% 30
\BOOKMARK [0][-]{chapter.5}{\376\377\000P\000l\000a\000y\000f\000o\000r\000d}{}% 31
\BOOKMARK [1][-]{section.5.1}{\376\377\000P\000l\000a\000y\000f\000o\000r\000d}{chapter.5}% 32
\BOOKMARK [2][-]{subsection.5.1.1}{\376\377\000J\000e\000n\000n\000y\000\040\000P\000l\000u\000c\000k\000\040\000P\000e\000a\000r\000s}{section.5.1}% 33
\BOOKMARK [2][-]{subsection.5.1.2}{\376\377\000T\000h\000e\000\040\000H\000o\000l\000e\000\040\000i\000n\000\040\000t\000h\000e\000\040\000W\000a\000l\000l}{section.5.1}% 34
\BOOKMARK [2][-]{subsection.5.1.3}{\376\377\000B\000a\000r\000h\000a\000m\000\040\000D\000o\000w\000n}{section.5.1}% 35
\BOOKMARK [2][-]{subsection.5.1.4}{\376\377\000N\000o\000n\000s\000u\000c\000h}{section.5.1}% 36
